         ps       /top/inA  /top/inC               /top/S        
          delta        /top/inB  /top/inD                        
          0  +0       UUUU UUUU UUUU UUUU UUUUUUUUUUUUUUU 
          0  +2       UUUU UUUU UUUU UUUU UUUUUUUUUUUUU00 
      10000  +0       1111 0000 0000 0000 UUUUUUUUUUUUU00 
      10000  +5       1111 0000 0000 0000 0UUUUUUUUUUU000 
      10000  +6       1111 0000 0000 0000 0UUUUUUUUUU0000 
      10000  +7       1111 0000 0000 0000 00UUUUUUUUU0000 
      10000  +8       1111 0000 0000 0000 000UUU0UUU00000 
      10000  +9       1111 0000 0000 0000 00000100U000000 
      10000 +10       1111 0000 0000 0000 000001001000000 
      20000  +0       0000 1111 0000 0000 000001001000000 
      20000  +6       0000 1111 0000 0000 000001001001000 
      20000  +7       0000 1111 0000 0000 000000001001000 
      20000  +8       0000 1111 0000 0000 000011011011000 
      20000  +9       0000 1111 0000 0000 000001011111000 
      20000 +10       0000 1111 0000 0000 000001010111000 
      30000  +0       0000 0000 1111 0000 000001010111000 
      30000  +5       0000 0000 1111 0000 000000010110000 
      30000  +6       0000 0000 1111 0000 000000001010000 
      30000  +7       0000 0000 1111 0000 000001111100000 
      30000  +8       0000 0000 1111 0000 001100110000000 
      30000  +9       0000 0000 1111 0000 000100111000000 
      40000  +0       0000 0000 0000 1111 000100111000000 
      40000  +4       0000 0000 0000 1111 000100111000100 
      40000  +5       0000 0000 0000 1111 001000111110000 
      40000  +6       0000 0000 0000 1111 000000101100000 
      40000  +7       0000 0000 0000 1111 010000001100000 
      40000  +8       0000 0000 0000 1111 010100000000000 
      40000  +9       0000 0000 0000 1111 011000001000000 
      40000 +10       0000 0000 0000 1111 000000001000000 
      40000 +11       0000 0000 0000 1111 010000001000000 
      50000  +0       0000 0000 0000 0000 010000001000000 
      50000  +4       0000 0000 0000 0000 010000001000100 
      50000  +5       0000 0000 0000 0000 011101001110100 
      50000  +6       0000 0000 0000 0000 000100110010100 
      50000  +7       0000 0000 0000 0000 000000011100100 
      50000  +8       0000 0000 0000 0000 000000000100100 
      60000  +0       0001 0000 0000 0000 000000000100100 
      60000  +5       0001 0000 0000 0000 000000000100000 
      60000  +6       0001 0000 0000 0000 000000000101000 
      60000  +7       0001 0000 0000 0000 000000000001000 
      60000  +8       0001 0000 0000 0000 000000001001000 
      70000  +0       0000 0001 0000 0000 000000001001000 
      70000  +6       0000 0001 0000 0000 000000001000000 
      70000  +8       0000 0001 0000 0000 000000001010000 
      80000  +0       0000 0000 0001 0000 000000001010000 
      80000  +6       0000 0000 0001 0000 000000011111000 
      80000  +7       0000 0000 0001 0000 000000011011000 
      80000  +8       0000 0000 0001 0000 000000011001000 
      90000  +0       0000 0000 0000 0001 000000011001000 
      90000  +4       0000 0000 0000 0001 000000011001100 
      90000  +5       0000 0000 0000 0001 000001011101000 
      90000  +6       0000 0000 0000 0001 000001001001000 
     100000  +0       0001 0001 0000 0000 000001001001000 
     100000  +4       0001 0001 0000 0000 000001001001100 
     100000  +5       0001 0001 0000 0000 000000001101100 
     100000  +6       0001 0001 0000 0000 000000000100100 
     100000  +8       0001 0001 0000 0000 000000001110100 
     110000  +0       0001 0000 0001 0000 000000001110100 
     110000  +6       0001 0000 0001 0000 000000011011100 
     110000  +7       0001 0000 0001 0000 000000010111100 
     110000  +8       0001 0000 0001 0000 000000101101100 
     110000  +9       0001 0000 0001 0000 000000011101100 
     120000  +0       0001 0000 0000 0001 000000011101100 
     120000  +4       0001 0000 0000 0001 000000011101000 
     120000  +5       0001 0000 0000 0001 000001011001100 
     120000  +6       0001 0000 0000 0001 000001010101100 
     120000  +7       0001 0000 0000 0001 000001001101100 
     130000  +0       0000 0001 0001 0000 000001001101100 
     130000  +4       0000 0001 0001 0000 000001001101000 
     130000  +5       0000 0001 0001 0000 000000001000100 
     130000  +6       0000 0001 0001 0000 000000011100100 
     130000  +7       0000 0001 0001 0000 000000011110100 
     140000  +0       0000 0001 0000 0001 000000011110100 
     140000  +4       0000 0001 0000 0001 000000011110000 
     140000  +5       0000 0001 0000 0001 000001011010100 
     140000  +6       0000 0001 0000 0001 000001010110100 
     140000  +7       0000 0001 0000 0001 000001001110100 
     150000  +0       0000 0000 0001 0001 000001001110100 
     150000  +6       0000 0000 0001 0001 000001011011100 
     150000  +7       0000 0000 0001 0001 000001100111100 
     150000  +8       0000 0000 0001 0001 000001011101100 
     160000  +0       0000 0000 0000 0000 000001011101100 
     160000  +4       0000 0000 0000 0000 000001011101000 
     160000  +5       0000 0000 0000 0000 000000011001100 
     160000  +6       0000 0000 0000 0000 000000001100100 
     160000  +7       0000 0000 0000 0000 000000000100100 
     170000  +0       0010 0000 0000 0000 000000000100100 
     170000  +6       0010 0000 0000 0000 000000000101100 
     170000  +7       0010 0000 0000 0000 000000001101100 
     180000  +0       0000 0010 0000 0000 000000001101100 
     180000  +6       0000 0010 0000 0000 000000001111100 
     180000  +7       0000 0010 0000 0000 000000010111100 
     190000  +0       0000 0000 0010 0000 000000010111100 
     190000  +5       0000 0000 0010 0000 000000010110100 
     190000  +6       0000 0000 0010 0000 000000010111100 
     190000  +7       0000 0000 0010 0000 000000101101100 
     200000  +0       0000 0000 0000 0010 000000101101100 
     200000  +6       0000 0000 0000 0010 000010101101100 
     200000  +7       0000 0000 0000 0010 000010001101100 
     210000  +0       0010 0010 0000 0000 000010001101100 
     210000  +5       0010 0010 0000 0000 000010001100100 
     210000  +6       0010 0010 0000 0000 000000001100100 
     210000  +7       0010 0010 0000 0000 000000011000100 
     210000  +8       0010 0010 0000 0000 000000010000100 
     210000  +9       0010 0010 0000 0000 000000100000100 
     220000  +0       0010 0000 0010 0000 000000100000100 
     220000  +5       0010 0000 0010 0000 000000100001100 
     220000  +6       0010 0000 0010 0000 000000100000100 
     220000  +7       0010 0000 0010 0000 000000111110100 
     220000  +8       0010 0000 0010 0000 000000110110100 
     230000  +0       0010 0000 0000 0010 000000110110100 
     230000  +6       0010 0000 0000 0010 000010110110100 
     230000  +7       0010 0000 0000 0010 000010010110100 
     240000  +0       0000 0010 0010 0000 000010010110100 
     240000  +6       0000 0010 0010 0000 000000010100100 
     240000  +7       0000 0010 0010 0000 000001001000100 
     240000  +8       0000 0010 0010 0000 000000110000100 
     240000  +9       0000 0010 0010 0000 000000000000100 
     240000 +10       0000 0010 0010 0000 000001000000100 
     250000  +0       0000 0010 0000 0010 000001000000100 
     250000  +6       0000 0010 0000 0010 000011000000100 
     250000  +7       0000 0010 0000 0010 000011100000100 
     250000  +8       0000 0010 0000 0010 000010100000100 
     260000  +0       0000 0000 0010 0010 000010100000100 
     260000  +5       0000 0000 0010 0010 000010100001100 
     260000  +6       0000 0000 0010 0010 000010100010100 
     260000  +7       0000 0000 0010 0010 000010001110100 
     260000  +8       0000 0000 0010 0010 000011110110100 
     260000  +9       0000 0000 0010 0010 000010110110100 
     270000  +0       0000 0000 0000 0000 000010110110100 
     270000  +6       0000 0000 0000 0000 000000110100100 
     270000  +7       0000 0000 0000 0000 000000000100100 
     280000  +0       0100 0000 0000 0000 000000000100100 
     280000  +6       0100 0000 0000 0000 000000000110100 
     280000  +7       0100 0000 0000 0000 000000010110100 
     290000  +0       0000 0100 0000 0000 000000010110100 
     290000  +7       0000 0100 0000 0000 000000010010100 
     290000  +8       0000 0100 0000 0000 000000011010100 
     300000  +0       0000 0000 0100 0000 000000011010100 
     300000  +5       0000 0000 0100 0000 000001011010100 
     300000  +7       0000 0000 0100 0000 000001011110100 
     300000  +8       0000 0000 0100 0000 000001010110100 
     310000  +0       0000 0000 0000 0100 000001010110100 
     310000  +5       0000 0000 0000 0100 000100010110100 
     310000  +6       0000 0000 0000 0100 000100000110100 
     310000  +7       0000 0000 0000 0100 000100110110100 
     310000  +8       0000 0000 0000 0100 000100010110100 
     320000  +0       0100 0100 0000 0000 000100010110100 
     320000  +5       0100 0100 0000 0000 000000010110100 
     320000  +6       0100 0100 0000 0000 000000000100100 
     320000  +7       0100 0100 0000 0000 000000101100100 
     330000  +0       0100 0000 0100 0000 000000101100100 
     330000  +5       0100 0000 0100 0000 000001101100100 
     330000  +7       0100 0000 0100 0000 000001100100100 
     330000  +8       0100 0000 0100 0000 000001100000100 
     330000  +9       0100 0000 0100 0000 000001101000100 
     340000  +0       0100 0000 0000 0100 000001101000100 
     340000  +5       0100 0000 0000 0100 000100101000100 
     340000  +6       0100 0000 0000 0100 000100111000100 
     340000  +7       0100 0000 0000 0100 000100001000100 
     340000  +8       0100 0000 0000 0100 000100101000100 
     350000  +0       0000 0100 0100 0000 000100101000100 
     350000  +5       0000 0100 0100 0000 000001101000100 
     350000  +6       0000 0100 0100 0000 000001111000100 
     350000  +7       0000 0100 0100 0000 000001100100100 
     350000  +8       0000 0100 0100 0000 000001111100100 
     350000  +9       0000 0100 0100 0000 000001101100100 
     360000  +0       0000 0100 0000 0100 000001101100100 
     360000  +5       0000 0100 0000 0100 000100101100100 
     360000  +6       0000 0100 0000 0100 000100111100100 
     360000  +7       0000 0100 0000 0100 000100001100100 
     360000  +8       0000 0100 0000 0100 000100101100100 
     370000  +0       0000 0000 0100 0100 000100101100100 
     370000  +5       0000 0000 0100 0100 000101101100100 
     370000  +8       0000 0000 0100 0100 000101100000100 
     370000  +9       0000 0000 0100 0100 000101101000100 
     380000  +0       0000 0000 0000 0000 000101101000100 
     380000  +5       0000 0000 0000 0000 000000101000100 
     380000  +6       0000 0000 0000 0000 000000111000100 
     380000  +7       0000 0000 0000 0000 000000001100100 
     380000  +8       0000 0000 0000 0000 000000000100100 
     390000  +0       1000 0000 0000 0000 000000000100100 
     390000  +7       1000 0000 0000 0000 000000000000100 
     390000  +8       1000 0000 0000 0000 000000101000100 
     400000  +0       0000 1000 0000 0000 000000101000100 
     410000  +0       0000 0000 1000 0000 000000101000100 
     410000  +6       0000 0000 1000 0000 000010101000100 
     420000  +0       0000 0000 0000 1000 000010101000100 
     420000  +5       0000 0000 0000 1000 001010101010100 
     420000  +6       0000 0000 0000 1000 001001101000100 
     420000  +7       0000 0000 0000 1000 001000001100100 
     420000  +8       0000 0000 0000 1000 001000100000100 
     420000  +9       0000 0000 0000 1000 001000101000100 
     430000  +0       1000 1000 0000 0000 001000101000100 
     430000  +5       1000 1000 0000 0000 000000101010100 
     430000  +6       1000 1000 0000 0000 000001101000100 
     430000  +7       1000 1000 0000 0000 000001000100100 
     430000  +8       1000 1000 0000 0000 000001011100100 
     430000  +9       1000 1000 0000 0000 000001001100100 
     440000  +0       1000 0000 1000 0000 000001001100100 
     440000  +6       1000 0000 1000 0000 000011001100100 
     440000  +7       1000 0000 1000 0000 000011000100100 
     440000  +8       1000 0000 1000 0000 000011001100100 
     450000  +0       1000 0000 0000 1000 000011001100100 
     450000  +5       1000 0000 0000 1000 001011001110100 
     450000  +6       1000 0000 0000 1000 001000001100100 
     450000  +7       1000 0000 0000 1000 001001101000100 
     450000  +8       1000 0000 0000 1000 001001000100100 
     450000  +9       1000 0000 0000 1000 001001011100100 
     450000 +10       1000 0000 0000 1000 001001001100100 
     460000  +0       0000 1000 1000 0000 001001001100100 
     460000  +5       0000 1000 1000 0000 000001001110100 
     460000  +6       0000 1000 1000 0000 000011001100100 
     460000  +7       0000 1000 1000 0000 000011100100100 
     460000  +8       0000 1000 1000 0000 000011001100100 
     470000  +0       0000 1000 0000 1000 000011001100100 
     470000  +5       0000 1000 0000 1000 001011001110100 
     470000  +6       0000 1000 0000 1000 001000001100100 
     470000  +7       0000 1000 0000 1000 001001101000100 
     470000  +8       0000 1000 0000 1000 001001000100100 
     470000  +9       0000 1000 0000 1000 001001011100100 
     470000 +10       0000 1000 0000 1000 001001001100100 
     480000  +0       0000 0000 1000 1000 001001001100100 
     480000  +6       0000 0000 1000 1000 001011001100100 
